2026-04-09 22:09:44.491 [com.chrionline.server.Server.main()] INFO  c.c.s.EnvFileLoader - [ENV] Loaded configuration from C:\ENSA\2eme_annee\S2\Securite reseau\Mini_Projet1\Application-JAVA-E-Commerce-ChriOnline-\.env
2026-04-09 22:09:44.659 [com.chrionline.server.Server.main()] INFO  c.c.d.DatabaseConnection - [DB] Connection established successfully -> jdbc:mysql://localhost:3306/chrionline?useSSL=false&serverTimezone=UTC&allowPublicKeyRetrieval=true&characterEncoding=utf8
2026-04-09 22:09:44.750 [com.chrionline.server.Server.main()] INFO  c.c.s.Server - [SERVER] Seeding default admin account if not present...
2026-04-09 22:09:44.752 [com.chrionline.server.Server.main()] INFO  c.c.s.AuthService - [AUTH] Admin account already exists - skipping seed
2026-04-09 22:09:44.752 [com.chrionline.server.Server.main()] INFO  c.c.s.Server - [SERVER] Cleaning expired sessions...
2026-04-09 22:09:44.753 [com.chrionline.server.Server.main()] INFO  c.c.s.SessionManager - [SESSION] Cleanup done - removed from cache: 0, removed from DB: 0
2026-04-09 22:09:45.001 [com.chrionline.server.Server.main()] ERROR c.c.s.Server - Impossible de demarrer le serveur
java.net.BindException: Address already in use: bind
	at java.base/sun.nio.ch.Net.bind0(Native Method)
	at java.base/sun.nio.ch.Net.bind(Net.java:522)
	at java.base/sun.nio.ch.Net.bind(Net.java:511)
	at java.base/sun.nio.ch.NioSocketImpl.bind(NioSocketImpl.java:641)
	at java.base/java.net.ServerSocket.bind(ServerSocket.java:326)
	at java.base/java.net.ServerSocket.<init>(ServerSocket.java:222)
	at java.base/java.net.ServerSocket.<init>(ServerSocket.java:178)
	at java.base/javax.net.ssl.SSLServerSocket.<init>(SSLServerSocket.java:118)
	at java.base/sun.security.ssl.SSLServerSocketImpl.<init>(SSLServerSocketImpl.java:72)
	at java.base/sun.security.ssl.SSLServerSocketFactoryImpl.createServerSocket(SSLServerSocketFactoryImpl.java:73)
	at com.chrionline.security.TlsSupport.createServerSocket(TlsSupport.java:41)
	at com.chrionline.server.Server.main(Server.java:83)
	at org.codehaus.mojo.exec.ExecJavaMojo$1.run(ExecJavaMojo.java:279)
	at java.base/java.lang.Thread.run(Thread.java:1474)
